d:\课件\数据结构\数据结构大作业\jcs\jcs\debug\jcs.pch
d:\课件\数据结构\数据结构大作业\jcs\jcs\debug\vc120.pdb
d:\课件\数据结构\数据结构大作业\jcs\jcs\debug\vc120.idb
d:\课件\数据结构\数据结构大作业\jcs\jcs\debug\stdafx.obj
d:\课件\数据结构\数据结构大作业\jcs\jcs\debug\addlg.obj
d:\课件\数据结构\数据结构大作业\jcs\jcs\debug\assignmen.obj
d:\课件\数据结构\数据结构大作业\jcs\jcs\debug\homework.obj
d:\课件\数据结构\数据结构大作业\jcs\jcs\debug\jcs.obj
d:\课件\数据结构\数据结构大作业\jcs\jcs\debug\jcsdlg.obj
d:\课件\数据结构\数据结构大作业\jcs\jcs\debug\person.obj
d:\课件\数据结构\数据结构大作业\jcs\jcs\debug\strudentdlg.obj
d:\课件\数据结构\数据结构大作业\jcs\jcs\debug\studiesdlg.obj
d:\课件\数据结构\数据结构大作业\jcs\debug\jcs.ilk
d:\课件\数据结构\数据结构大作业\jcs\debug\jcs.exe
d:\课件\数据结构\数据结构大作业\jcs\debug\jcs.pdb
d:\课件\数据结构\数据结构大作业\jcs\jcs\debug\jcs.res
d:\课件\数据结构\数据结构大作业\jcs\jcs\debug\jcs.tlog\cl.command.1.tlog
d:\课件\数据结构\数据结构大作业\jcs\jcs\debug\jcs.tlog\cl.read.1.tlog
d:\课件\数据结构\数据结构大作业\jcs\jcs\debug\jcs.tlog\cl.write.1.tlog
d:\课件\数据结构\数据结构大作业\jcs\jcs\debug\jcs.tlog\link.command.1.tlog
d:\课件\数据结构\数据结构大作业\jcs\jcs\debug\jcs.tlog\link.read.1.tlog
d:\课件\数据结构\数据结构大作业\jcs\jcs\debug\jcs.tlog\link.write.1.tlog
d:\课件\数据结构\数据结构大作业\jcs\jcs\debug\jcs.tlog\rc.command.1.tlog
d:\课件\数据结构\数据结构大作业\jcs\jcs\debug\jcs.tlog\rc.read.1.tlog
d:\课件\数据结构\数据结构大作业\jcs\jcs\debug\jcs.tlog\rc.write.1.tlog
